[2023-12-08T20:42:57.430+0000] {manager.py:487} INFO - Processing files using up to 2 processes at a time 
[2023-12-08T20:42:57.431+0000] {manager.py:488} INFO - Process each file at most once every 30 seconds
[2023-12-08T20:42:57.431+0000] {manager.py:489} INFO - Checking for new files in /opt/airflow/dags every 300 seconds
[2023-12-08T20:42:57.431+0000] {manager.py:755} INFO - Searching for files in /opt/airflow/dags
[2023-12-08T20:42:57.433+0000] {manager.py:758} INFO - There are 1 files in /opt/airflow/dags
[2023-12-08T20:42:57.543+0000] {manager.py:887} INFO - 
================================================================================
DAG File Processing Stats

File Path                                        PID  Runtime      # DAGs    # Errors  Last Runtime    Last Run
---------------------------------------------  -----  ---------  --------  ----------  --------------  ----------
/opt/airflow/dags/data_processing_cleaning.py    203  0.03s             0           0
================================================================================
[2023-12-08T20:43:27.660+0000] {manager.py:887} INFO - 
================================================================================
DAG File Processing Stats

File Path                                        PID  Runtime      # DAGs    # Errors  Last Runtime    Last Run
---------------------------------------------  -----  ---------  --------  ----------  --------------  -------------------
/opt/airflow/dags/data_processing_cleaning.py    224  0.00s             0           1  0.04s           2023-12-08T20:42:57
================================================================================
[2023-12-08T20:43:57.774+0000] {manager.py:887} INFO - 
================================================================================
DAG File Processing Stats

File Path                                        PID  Runtime      # DAGs    # Errors  Last Runtime    Last Run
---------------------------------------------  -----  ---------  --------  ----------  --------------  -------------------
/opt/airflow/dags/data_processing_cleaning.py    245  0.00s             0           1  0.04s           2023-12-08T20:43:27
================================================================================
[2023-12-08T20:44:27.888+0000] {manager.py:887} INFO - 
================================================================================
DAG File Processing Stats

File Path                                        PID  Runtime      # DAGs    # Errors  Last Runtime    Last Run
---------------------------------------------  -----  ---------  --------  ----------  --------------  -------------------
/opt/airflow/dags/data_processing_cleaning.py    274  0.00s             0           1  0.04s           2023-12-08T20:43:57
================================================================================
[2023-12-08T20:44:58.002+0000] {manager.py:887} INFO - 
================================================================================
DAG File Processing Stats

File Path                                        PID  Runtime      # DAGs    # Errors  Last Runtime    Last Run
---------------------------------------------  -----  ---------  --------  ----------  --------------  -------------------
/opt/airflow/dags/data_processing_cleaning.py    295  0.00s             0           1  0.04s           2023-12-08T20:44:27
================================================================================
[2023-12-08T20:45:28.150+0000] {manager.py:887} INFO - 
================================================================================
DAG File Processing Stats

File Path                                      PID    Runtime      # DAGs    # Errors  Last Runtime    Last Run
---------------------------------------------  -----  ---------  --------  ----------  --------------  -------------------
/opt/airflow/dags/data_processing_cleaning.py                           0           1  0.04s           2023-12-08T20:44:59
================================================================================
[2023-12-08T20:45:58.266+0000] {manager.py:887} INFO - 
================================================================================
DAG File Processing Stats

File Path                                      PID    Runtime      # DAGs    # Errors  Last Runtime    Last Run
---------------------------------------------  -----  ---------  --------  ----------  --------------  -------------------
/opt/airflow/dags/data_processing_cleaning.py                           0           1  0.05s           2023-12-08T20:45:29
================================================================================
[2023-12-08T20:46:28.386+0000] {manager.py:887} INFO - 
================================================================================
DAG File Processing Stats

File Path                                      PID    Runtime      # DAGs    # Errors  Last Runtime    Last Run
---------------------------------------------  -----  ---------  --------  ----------  --------------  -------------------
/opt/airflow/dags/data_processing_cleaning.py                           0           1  0.05s           2023-12-08T20:45:59
================================================================================
[2023-12-08T20:46:58.500+0000] {manager.py:887} INFO - 
================================================================================
DAG File Processing Stats

File Path                                      PID    Runtime      # DAGs    # Errors  Last Runtime    Last Run
---------------------------------------------  -----  ---------  --------  ----------  --------------  -------------------
/opt/airflow/dags/data_processing_cleaning.py                           0           1  0.04s           2023-12-08T20:46:29
================================================================================
[2023-12-08T20:47:28.637+0000] {manager.py:887} INFO - 
================================================================================
DAG File Processing Stats

File Path                                      PID    Runtime      # DAGs    # Errors  Last Runtime    Last Run
---------------------------------------------  -----  ---------  --------  ----------  --------------  -------------------
/opt/airflow/dags/data_processing_cleaning.py                           0           1  0.05s           2023-12-08T20:47:22
================================================================================
[2023-12-08T20:47:57.801+0000] {manager.py:755} INFO - Searching for files in /opt/airflow/dags
[2023-12-08T20:47:57.802+0000] {manager.py:758} INFO - There are 1 files in /opt/airflow/dags
[2023-12-08T20:47:58.816+0000] {manager.py:887} INFO - 
================================================================================
DAG File Processing Stats

File Path                                      PID    Runtime      # DAGs    # Errors  Last Runtime    Last Run
---------------------------------------------  -----  ---------  --------  ----------  --------------  -------------------
/opt/airflow/dags/data_processing_cleaning.py                           1           0  0.36s           2023-12-08T20:47:56
================================================================================
[2023-12-08T20:48:29.255+0000] {manager.py:887} INFO - 
================================================================================
DAG File Processing Stats

File Path                                      PID    Runtime      # DAGs    # Errors  Last Runtime    Last Run
---------------------------------------------  -----  ---------  --------  ----------  --------------  -------------------
/opt/airflow/dags/data_processing_cleaning.py                           1           0  0.09s           2023-12-08T20:48:26
================================================================================
[2023-12-08T20:48:58.434+0000] {manager.py:469} INFO - Exiting gracefully upon receiving signal 15
[2023-12-08T21:14:58.008+0000] {manager.py:487} INFO - Processing files using up to 2 processes at a time 
[2023-12-08T21:14:58.009+0000] {manager.py:488} INFO - Process each file at most once every 30 seconds
[2023-12-08T21:14:58.009+0000] {manager.py:489} INFO - Checking for new files in /opt/airflow/dags every 300 seconds
[2023-12-08T21:14:58.009+0000] {manager.py:755} INFO - Searching for files in /opt/airflow/dags
[2023-12-08T21:14:58.011+0000] {manager.py:758} INFO - There are 1 files in /opt/airflow/dags
[2023-12-08T21:14:58.104+0000] {manager.py:887} INFO - 
================================================================================
DAG File Processing Stats

File Path                                        PID  Runtime      # DAGs    # Errors  Last Runtime    Last Run
---------------------------------------------  -----  ---------  --------  ----------  --------------  ----------
/opt/airflow/dags/data_processing_cleaning.py    210  0.03s             0           0
================================================================================
[2023-12-08T21:15:28.206+0000] {manager.py:887} INFO - 
================================================================================
DAG File Processing Stats

File Path                                      PID    Runtime      # DAGs    # Errors  Last Runtime    Last Run
---------------------------------------------  -----  ---------  --------  ----------  --------------  -------------------
/opt/airflow/dags/data_processing_cleaning.py                           0           1  0.20s           2023-12-08T21:14:58
================================================================================
[2023-12-08T21:15:58.479+0000] {manager.py:887} INFO - 
================================================================================
DAG File Processing Stats

File Path                                      PID    Runtime      # DAGs    # Errors  Last Runtime    Last Run
---------------------------------------------  -----  ---------  --------  ----------  --------------  -------------------
/opt/airflow/dags/data_processing_cleaning.py                           0           1  0.14s           2023-12-08T21:15:28
================================================================================
[2023-12-08T21:16:28.683+0000] {manager.py:887} INFO - 
================================================================================
DAG File Processing Stats

File Path                                      PID    Runtime      # DAGs    # Errors  Last Runtime    Last Run
---------------------------------------------  -----  ---------  --------  ----------  --------------  -------------------
/opt/airflow/dags/data_processing_cleaning.py                           0           1  0.15s           2023-12-08T21:15:58
================================================================================
[2023-12-08T21:16:58.924+0000] {manager.py:887} INFO - 
================================================================================
DAG File Processing Stats

File Path                                      PID    Runtime      # DAGs    # Errors  Last Runtime    Last Run
---------------------------------------------  -----  ---------  --------  ----------  --------------  -------------------
/opt/airflow/dags/data_processing_cleaning.py                           0           1  0.13s           2023-12-08T21:16:28
================================================================================
[2023-12-08T21:17:29.143+0000] {manager.py:887} INFO - 
================================================================================
DAG File Processing Stats

File Path                                      PID    Runtime      # DAGs    # Errors  Last Runtime    Last Run
---------------------------------------------  -----  ---------  --------  ----------  --------------  -------------------
/opt/airflow/dags/data_processing_cleaning.py                           0           1  0.13s           2023-12-08T21:16:59
================================================================================
[2023-12-08T21:17:59.363+0000] {manager.py:887} INFO - 
================================================================================
DAG File Processing Stats

File Path                                      PID    Runtime      # DAGs    # Errors  Last Runtime    Last Run
---------------------------------------------  -----  ---------  --------  ----------  --------------  -------------------
/opt/airflow/dags/data_processing_cleaning.py                           0           1  0.13s           2023-12-08T21:17:29
================================================================================
[2023-12-08T21:18:29.579+0000] {manager.py:887} INFO - 
================================================================================
DAG File Processing Stats

File Path                                      PID    Runtime      # DAGs    # Errors  Last Runtime    Last Run
---------------------------------------------  -----  ---------  --------  ----------  --------------  -------------------
/opt/airflow/dags/data_processing_cleaning.py                           0           1  0.13s           2023-12-08T21:17:59
================================================================================
[2023-12-08T21:18:44.329+0000] {manager.py:469} INFO - Exiting gracefully upon receiving signal 15
[2023-12-08T21:20:45.958+0000] {manager.py:487} INFO - Processing files using up to 2 processes at a time 
[2023-12-08T21:20:45.959+0000] {manager.py:488} INFO - Process each file at most once every 30 seconds
[2023-12-08T21:20:45.959+0000] {manager.py:489} INFO - Checking for new files in /opt/airflow/dags every 300 seconds
[2023-12-08T21:20:45.959+0000] {manager.py:755} INFO - Searching for files in /opt/airflow/dags
[2023-12-08T21:20:45.961+0000] {manager.py:758} INFO - There are 1 files in /opt/airflow/dags
[2023-12-08T21:20:46.060+0000] {manager.py:887} INFO - 
================================================================================
DAG File Processing Stats

File Path                                        PID  Runtime      # DAGs    # Errors  Last Runtime    Last Run
---------------------------------------------  -----  ---------  --------  ----------  --------------  ----------
/opt/airflow/dags/data_processing_cleaning.py    210  0.03s             0           0
================================================================================
[2023-12-08T21:21:16.160+0000] {manager.py:887} INFO - 
================================================================================
DAG File Processing Stats

File Path                                      PID    Runtime      # DAGs    # Errors  Last Runtime    Last Run
---------------------------------------------  -----  ---------  --------  ----------  --------------  -------------------
/opt/airflow/dags/data_processing_cleaning.py                           0           1  0.18s           2023-12-08T21:20:46
================================================================================
[2023-12-08T21:21:46.394+0000] {manager.py:887} INFO - 
================================================================================
DAG File Processing Stats

File Path                                      PID    Runtime      # DAGs    # Errors  Last Runtime    Last Run
---------------------------------------------  -----  ---------  --------  ----------  --------------  -------------------
/opt/airflow/dags/data_processing_cleaning.py                           0           1  0.14s           2023-12-08T21:21:16
================================================================================
[2023-12-08T21:21:52.174+0000] {manager.py:469} INFO - Exiting gracefully upon receiving signal 15
[2023-12-08T21:24:13.658+0000] {manager.py:487} INFO - Processing files using up to 2 processes at a time 
[2023-12-08T21:24:13.660+0000] {manager.py:488} INFO - Process each file at most once every 30 seconds
[2023-12-08T21:24:13.661+0000] {manager.py:489} INFO - Checking for new files in /opt/airflow/dags every 300 seconds
[2023-12-08T21:24:13.661+0000] {manager.py:755} INFO - Searching for files in /opt/airflow/dags
[2023-12-08T21:24:13.662+0000] {manager.py:758} INFO - There are 1 files in /opt/airflow/dags
[2023-12-08T21:24:13.756+0000] {manager.py:887} INFO - 
================================================================================
DAG File Processing Stats

File Path                                        PID  Runtime      # DAGs    # Errors  Last Runtime    Last Run
---------------------------------------------  -----  ---------  --------  ----------  --------------  ----------
/opt/airflow/dags/data_processing_cleaning.py    180  0.03s             0           0
================================================================================
[2023-12-08T21:24:43.873+0000] {manager.py:887} INFO - 
================================================================================
DAG File Processing Stats

File Path                                        PID  Runtime      # DAGs    # Errors  Last Runtime    Last Run
---------------------------------------------  -----  ---------  --------  ----------  --------------  -------------------
/opt/airflow/dags/data_processing_cleaning.py    201  0.00s             0           1  0.04s           2023-12-08T21:24:13
================================================================================
[2023-12-08T21:24:51.085+0000] {manager.py:469} INFO - Exiting gracefully upon receiving signal 15
[2023-12-08T21:34:10.020+0000] {manager.py:487} INFO - Processing files using up to 2 processes at a time 
[2023-12-08T21:34:10.020+0000] {manager.py:488} INFO - Process each file at most once every 30 seconds
[2023-12-08T21:34:10.021+0000] {manager.py:489} INFO - Checking for new files in /opt/airflow/dags every 300 seconds
[2023-12-08T21:34:10.021+0000] {manager.py:755} INFO - Searching for files in /opt/airflow/dags
[2023-12-08T21:34:10.022+0000] {manager.py:758} INFO - There are 1 files in /opt/airflow/dags
[2023-12-08T21:34:10.145+0000] {manager.py:887} INFO - 
================================================================================
DAG File Processing Stats

File Path                                        PID  Runtime      # DAGs    # Errors  Last Runtime    Last Run
---------------------------------------------  -----  ---------  --------  ----------  --------------  ----------
/opt/airflow/dags/data_processing_cleaning.py    180  0.03s             0           0
================================================================================
[2023-12-08T21:34:40.245+0000] {manager.py:887} INFO - 
================================================================================
DAG File Processing Stats

File Path                                      PID    Runtime      # DAGs    # Errors  Last Runtime    Last Run
---------------------------------------------  -----  ---------  --------  ----------  --------------  -------------------
/opt/airflow/dags/data_processing_cleaning.py                           0           1  0.17s           2023-12-08T21:34:10
================================================================================
[2023-12-08T21:35:10.473+0000] {manager.py:887} INFO - 
================================================================================
DAG File Processing Stats

File Path                                      PID    Runtime      # DAGs    # Errors  Last Runtime    Last Run
---------------------------------------------  -----  ---------  --------  ----------  --------------  -------------------
/opt/airflow/dags/data_processing_cleaning.py                           0           1  0.14s           2023-12-08T21:34:40
================================================================================
[2023-12-08T21:35:40.689+0000] {manager.py:887} INFO - 
================================================================================
DAG File Processing Stats

File Path                                      PID    Runtime      # DAGs    # Errors  Last Runtime    Last Run
---------------------------------------------  -----  ---------  --------  ----------  --------------  -------------------
/opt/airflow/dags/data_processing_cleaning.py                           0           1  0.14s           2023-12-08T21:35:10
================================================================================
[2023-12-08T21:36:10.913+0000] {manager.py:887} INFO - 
================================================================================
DAG File Processing Stats

File Path                                      PID    Runtime      # DAGs    # Errors  Last Runtime    Last Run
---------------------------------------------  -----  ---------  --------  ----------  --------------  -------------------
/opt/airflow/dags/data_processing_cleaning.py                           0           1  0.13s           2023-12-08T21:35:40
================================================================================
[2023-12-08T21:36:41.262+0000] {manager.py:887} INFO - 
================================================================================
DAG File Processing Stats

File Path                                      PID    Runtime      # DAGs    # Errors  Last Runtime    Last Run
---------------------------------------------  -----  ---------  --------  ----------  --------------  -------------------
/opt/airflow/dags/data_processing_cleaning.py                           0           1  0.14s           2023-12-08T21:36:36
================================================================================
[2023-12-08T21:37:11.493+0000] {manager.py:887} INFO - 
================================================================================
DAG File Processing Stats

File Path                                      PID    Runtime      # DAGs    # Errors  Last Runtime    Last Run
---------------------------------------------  -----  ---------  --------  ----------  --------------  -------------------
/opt/airflow/dags/data_processing_cleaning.py                           0           1  0.14s           2023-12-08T21:37:06
================================================================================
[2023-12-08T21:37:41.720+0000] {manager.py:887} INFO - 
================================================================================
DAG File Processing Stats

File Path                                      PID    Runtime      # DAGs    # Errors  Last Runtime    Last Run
---------------------------------------------  -----  ---------  --------  ----------  --------------  -------------------
/opt/airflow/dags/data_processing_cleaning.py                           0           1  0.13s           2023-12-08T21:37:36
================================================================================
[2023-12-08T21:38:11.941+0000] {manager.py:887} INFO - 
================================================================================
DAG File Processing Stats

File Path                                      PID    Runtime      # DAGs    # Errors  Last Runtime    Last Run
---------------------------------------------  -----  ---------  --------  ----------  --------------  -------------------
/opt/airflow/dags/data_processing_cleaning.py                           0           1  0.13s           2023-12-08T21:38:07
================================================================================
[2023-12-08T21:38:42.163+0000] {manager.py:887} INFO - 
================================================================================
DAG File Processing Stats

File Path                                      PID    Runtime      # DAGs    # Errors  Last Runtime    Last Run
---------------------------------------------  -----  ---------  --------  ----------  --------------  -------------------
/opt/airflow/dags/data_processing_cleaning.py                           0           1  0.14s           2023-12-08T21:38:37
================================================================================
[2023-12-08T21:39:10.376+0000] {manager.py:755} INFO - Searching for files in /opt/airflow/dags
[2023-12-08T21:39:10.378+0000] {manager.py:758} INFO - There are 1 files in /opt/airflow/dags
[2023-12-08T21:39:12.394+0000] {manager.py:887} INFO - 
================================================================================
DAG File Processing Stats

File Path                                      PID    Runtime      # DAGs    # Errors  Last Runtime    Last Run
---------------------------------------------  -----  ---------  --------  ----------  --------------  -------------------
/opt/airflow/dags/data_processing_cleaning.py                           0           1  0.14s           2023-12-08T21:39:07
================================================================================
[2023-12-08T21:39:42.608+0000] {manager.py:887} INFO - 
================================================================================
DAG File Processing Stats

File Path                                      PID    Runtime      # DAGs    # Errors  Last Runtime    Last Run
---------------------------------------------  -----  ---------  --------  ----------  --------------  -------------------
/opt/airflow/dags/data_processing_cleaning.py                           0           1  0.14s           2023-12-08T21:39:37
================================================================================
[2023-12-08T21:40:12.833+0000] {manager.py:887} INFO - 
================================================================================
DAG File Processing Stats

File Path                                      PID    Runtime      # DAGs    # Errors  Last Runtime    Last Run
---------------------------------------------  -----  ---------  --------  ----------  --------------  -------------------
/opt/airflow/dags/data_processing_cleaning.py                           0           1  0.14s           2023-12-08T21:40:07
================================================================================
[2023-12-08T21:40:43.056+0000] {manager.py:887} INFO - 
================================================================================
DAG File Processing Stats

File Path                                      PID    Runtime      # DAGs    # Errors  Last Runtime    Last Run
---------------------------------------------  -----  ---------  --------  ----------  --------------  -------------------
/opt/airflow/dags/data_processing_cleaning.py                           0           1  0.13s           2023-12-08T21:40:38
================================================================================
[2023-12-08T21:41:13.278+0000] {manager.py:887} INFO - 
================================================================================
DAG File Processing Stats

File Path                                      PID    Runtime      # DAGs    # Errors  Last Runtime    Last Run
---------------------------------------------  -----  ---------  --------  ----------  --------------  -------------------
/opt/airflow/dags/data_processing_cleaning.py                           0           1  0.14s           2023-12-08T21:41:08
================================================================================
[2023-12-08T21:41:43.497+0000] {manager.py:887} INFO - 
================================================================================
DAG File Processing Stats

File Path                                      PID    Runtime      # DAGs    # Errors  Last Runtime    Last Run
---------------------------------------------  -----  ---------  --------  ----------  --------------  -------------------
/opt/airflow/dags/data_processing_cleaning.py                           0           1  0.14s           2023-12-08T21:41:38
================================================================================
[2023-12-08T21:42:13.732+0000] {manager.py:887} INFO - 
================================================================================
DAG File Processing Stats

File Path                                      PID    Runtime      # DAGs    # Errors  Last Runtime    Last Run
---------------------------------------------  -----  ---------  --------  ----------  --------------  -------------------
/opt/airflow/dags/data_processing_cleaning.py                           0           1  0.13s           2023-12-08T21:42:08
================================================================================
[2023-12-08T21:42:43.957+0000] {manager.py:887} INFO - 
================================================================================
DAG File Processing Stats

File Path                                      PID    Runtime      # DAGs    # Errors  Last Runtime    Last Run
---------------------------------------------  -----  ---------  --------  ----------  --------------  -------------------
/opt/airflow/dags/data_processing_cleaning.py                           0           1  0.15s           2023-12-08T21:42:39
================================================================================
[2023-12-08T21:43:14.187+0000] {manager.py:887} INFO - 
================================================================================
DAG File Processing Stats

File Path                                      PID    Runtime      # DAGs    # Errors  Last Runtime    Last Run
---------------------------------------------  -----  ---------  --------  ----------  --------------  -------------------
/opt/airflow/dags/data_processing_cleaning.py                           0           1  0.14s           2023-12-08T21:43:09
================================================================================
[2023-12-08T21:43:19.806+0000] {manager.py:469} INFO - Exiting gracefully upon receiving signal 15
[2023-12-08T22:45:31.019+0000] {manager.py:487} INFO - Processing files using up to 2 processes at a time 
[2023-12-08T22:45:31.020+0000] {manager.py:488} INFO - Process each file at most once every 30 seconds
[2023-12-08T22:45:31.020+0000] {manager.py:489} INFO - Checking for new files in /opt/airflow/dags every 300 seconds
[2023-12-08T22:45:31.020+0000] {manager.py:755} INFO - Searching for files in /opt/airflow/dags
[2023-12-08T22:45:31.023+0000] {manager.py:758} INFO - There are 1 files in /opt/airflow/dags
[2023-12-08T22:45:31.128+0000] {manager.py:887} INFO - 
================================================================================
DAG File Processing Stats

File Path                                        PID  Runtime      # DAGs    # Errors  Last Runtime    Last Run
---------------------------------------------  -----  ---------  --------  ----------  --------------  ----------
/opt/airflow/dags/data_processing_cleaning.py    180  0.03s             0           0
================================================================================
[2023-12-08T22:46:01.231+0000] {manager.py:887} INFO - 
================================================================================
DAG File Processing Stats

File Path                                      PID    Runtime      # DAGs    # Errors  Last Runtime    Last Run
---------------------------------------------  -----  ---------  --------  ----------  --------------  -------------------
/opt/airflow/dags/data_processing_cleaning.py                           0           1  1.27s           2023-12-08T22:45:32
================================================================================
[2023-12-08T22:46:31.749+0000] {manager.py:887} INFO - 
================================================================================
DAG File Processing Stats

File Path                                        PID  Runtime      # DAGs    # Errors  Last Runtime    Last Run
---------------------------------------------  -----  ---------  --------  ----------  --------------  -------------------
/opt/airflow/dags/data_processing_cleaning.py    235  0.00s             1           0  0.72s           2023-12-08T22:46:30
================================================================================
[2023-12-08T22:47:02.351+0000] {manager.py:887} INFO - 
================================================================================
DAG File Processing Stats

File Path                                      PID    Runtime      # DAGs    # Errors  Last Runtime    Last Run
---------------------------------------------  -----  ---------  --------  ----------  --------------  -------------------
/opt/airflow/dags/data_processing_cleaning.py                           1           0  0.52s           2023-12-08T22:46:36
================================================================================
[2023-12-08T22:47:32.777+0000] {manager.py:887} INFO - 
================================================================================
DAG File Processing Stats

File Path                                      PID    Runtime      # DAGs    # Errors  Last Runtime    Last Run
---------------------------------------------  -----  ---------  --------  ----------  --------------  -------------------
/opt/airflow/dags/data_processing_cleaning.py                           1           0  0.53s           2023-12-08T22:47:07
================================================================================
[2023-12-08T22:48:02.884+0000] {manager.py:887} INFO - 
================================================================================
DAG File Processing Stats

File Path                                      PID    Runtime      # DAGs    # Errors  Last Runtime    Last Run
---------------------------------------------  -----  ---------  --------  ----------  --------------  -------------------
/opt/airflow/dags/data_processing_cleaning.py                           1           0  0.56s           2023-12-08T22:47:37
================================================================================
[2023-12-08T22:48:33.044+0000] {manager.py:887} INFO - 
================================================================================
DAG File Processing Stats

File Path                                      PID    Runtime      # DAGs    # Errors  Last Runtime    Last Run
---------------------------------------------  -----  ---------  --------  ----------  --------------  -------------------
/opt/airflow/dags/data_processing_cleaning.py                           1           0  0.53s           2023-12-08T22:48:08
================================================================================
[2023-12-08T22:49:03.118+0000] {manager.py:887} INFO - 
================================================================================
DAG File Processing Stats

File Path                                      PID    Runtime      # DAGs    # Errors  Last Runtime    Last Run
---------------------------------------------  -----  ---------  --------  ----------  --------------  -------------------
/opt/airflow/dags/data_processing_cleaning.py                           1           0  0.50s           2023-12-08T22:48:39
================================================================================
[2023-12-08T22:49:33.227+0000] {manager.py:887} INFO - 
================================================================================
DAG File Processing Stats

File Path                                      PID    Runtime      # DAGs    # Errors  Last Runtime    Last Run
---------------------------------------------  -----  ---------  --------  ----------  --------------  -------------------
/opt/airflow/dags/data_processing_cleaning.py                           1           0  0.49s           2023-12-08T22:49:09
================================================================================
[2023-12-08T22:50:03.317+0000] {manager.py:887} INFO - 
================================================================================
DAG File Processing Stats

File Path                                      PID    Runtime      # DAGs    # Errors  Last Runtime    Last Run
---------------------------------------------  -----  ---------  --------  ----------  --------------  -------------------
/opt/airflow/dags/data_processing_cleaning.py                           1           0  0.50s           2023-12-08T22:49:40
================================================================================
[2023-12-08T22:50:31.928+0000] {manager.py:755} INFO - Searching for files in /opt/airflow/dags
[2023-12-08T22:50:31.931+0000] {manager.py:758} INFO - There are 1 files in /opt/airflow/dags
[2023-12-08T22:50:33.948+0000] {manager.py:887} INFO - 
================================================================================
DAG File Processing Stats

File Path                                      PID    Runtime      # DAGs    # Errors  Last Runtime    Last Run
---------------------------------------------  -----  ---------  --------  ----------  --------------  -------------------
/opt/airflow/dags/data_processing_cleaning.py                           1           0  0.51s           2023-12-08T22:50:10
================================================================================
[2023-12-08T22:51:04.103+0000] {manager.py:887} INFO - 
================================================================================
DAG File Processing Stats

File Path                                      PID    Runtime      # DAGs    # Errors  Last Runtime    Last Run
---------------------------------------------  -----  ---------  --------  ----------  --------------  -------------------
/opt/airflow/dags/data_processing_cleaning.py                           1           0  0.52s           2023-12-08T22:50:57
================================================================================
[2023-12-08T22:51:34.231+0000] {manager.py:887} INFO - 
================================================================================
DAG File Processing Stats

File Path                                      PID    Runtime      # DAGs    # Errors  Last Runtime    Last Run
---------------------------------------------  -----  ---------  --------  ----------  --------------  -------------------
/opt/airflow/dags/data_processing_cleaning.py                           1           0  0.50s           2023-12-08T22:51:32
================================================================================
[2023-12-08T22:52:04.345+0000] {manager.py:887} INFO - 
================================================================================
DAG File Processing Stats

File Path                                      PID    Runtime      # DAGs    # Errors  Last Runtime    Last Run
---------------------------------------------  -----  ---------  --------  ----------  --------------  -------------------
/opt/airflow/dags/data_processing_cleaning.py                           1           0  0.50s           2023-12-08T22:52:00
================================================================================
[2023-12-08T22:52:34.450+0000] {manager.py:887} INFO - 
================================================================================
DAG File Processing Stats

File Path                                      PID    Runtime      # DAGs    # Errors  Last Runtime    Last Run
---------------------------------------------  -----  ---------  --------  ----------  --------------  -------------------
/opt/airflow/dags/data_processing_cleaning.py                           1           0  0.50s           2023-12-08T22:52:33
================================================================================
[2023-12-08T22:53:05.062+0000] {manager.py:887} INFO - 
================================================================================
DAG File Processing Stats

File Path                                      PID    Runtime      # DAGs    # Errors  Last Runtime    Last Run
---------------------------------------------  -----  ---------  --------  ----------  --------------  -------------------
/opt/airflow/dags/data_processing_cleaning.py                           1           0  0.55s           2023-12-08T22:53:04
================================================================================
[2023-12-08T22:53:35.198+0000] {manager.py:887} INFO - 
================================================================================
DAG File Processing Stats

File Path                                      PID    Runtime      # DAGs    # Errors  Last Runtime    Last Run
---------------------------------------------  -----  ---------  --------  ----------  --------------  -------------------
/opt/airflow/dags/data_processing_cleaning.py                           1           0  0.58s           2023-12-08T22:53:34
================================================================================
[2023-12-08T22:54:05.296+0000] {manager.py:887} INFO - 
================================================================================
DAG File Processing Stats

File Path                                        PID  Runtime      # DAGs    # Errors  Last Runtime    Last Run
---------------------------------------------  -----  ---------  --------  ----------  --------------  -------------------
/opt/airflow/dags/data_processing_cleaning.py    696  0.45s             1           0  0.58s           2023-12-08T22:53:34
================================================================================
[2023-12-08T22:54:35.486+0000] {manager.py:887} INFO - 
================================================================================
DAG File Processing Stats

File Path                                      PID    Runtime      # DAGs    # Errors  Last Runtime    Last Run
---------------------------------------------  -----  ---------  --------  ----------  --------------  -------------------
/opt/airflow/dags/data_processing_cleaning.py                           1           0  0.60s           2023-12-08T22:54:08
================================================================================
[2023-12-08T22:55:05.597+0000] {manager.py:887} INFO - 
================================================================================
DAG File Processing Stats

File Path                                      PID    Runtime      # DAGs    # Errors  Last Runtime    Last Run
---------------------------------------------  -----  ---------  --------  ----------  --------------  -------------------
/opt/airflow/dags/data_processing_cleaning.py                           1           0  0.53s           2023-12-08T22:54:39
================================================================================
[2023-12-08T22:55:32.180+0000] {manager.py:755} INFO - Searching for files in /opt/airflow/dags
[2023-12-08T22:55:32.182+0000] {manager.py:758} INFO - There are 1 files in /opt/airflow/dags
[2023-12-08T22:55:35.706+0000] {manager.py:887} INFO - 
================================================================================
DAG File Processing Stats

File Path                                      PID    Runtime      # DAGs    # Errors  Last Runtime    Last Run
---------------------------------------------  -----  ---------  --------  ----------  --------------  -------------------
/opt/airflow/dags/data_processing_cleaning.py                           1           0  0.50s           2023-12-08T22:55:10
================================================================================
[2023-12-08T22:56:05.822+0000] {manager.py:887} INFO - 
================================================================================
DAG File Processing Stats

File Path                                      PID    Runtime      # DAGs    # Errors  Last Runtime    Last Run
---------------------------------------------  -----  ---------  --------  ----------  --------------  -------------------
/opt/airflow/dags/data_processing_cleaning.py                           1           0  0.51s           2023-12-08T22:55:40
================================================================================
[2023-12-08T22:56:35.939+0000] {manager.py:887} INFO - 
================================================================================
DAG File Processing Stats

File Path                                      PID    Runtime      # DAGs    # Errors  Last Runtime    Last Run
---------------------------------------------  -----  ---------  --------  ----------  --------------  -------------------
/opt/airflow/dags/data_processing_cleaning.py                           1           0  0.49s           2023-12-08T22:56:11
================================================================================
[2023-12-08T22:57:06.029+0000] {manager.py:887} INFO - 
================================================================================
DAG File Processing Stats

File Path                                      PID    Runtime      # DAGs    # Errors  Last Runtime    Last Run
---------------------------------------------  -----  ---------  --------  ----------  --------------  -------------------
/opt/airflow/dags/data_processing_cleaning.py                           1           0  0.50s           2023-12-08T22:56:41
================================================================================
[2023-12-08T22:57:36.139+0000] {manager.py:887} INFO - 
================================================================================
DAG File Processing Stats

File Path                                      PID    Runtime      # DAGs    # Errors  Last Runtime    Last Run
---------------------------------------------  -----  ---------  --------  ----------  --------------  -------------------
/opt/airflow/dags/data_processing_cleaning.py                           1           0  0.49s           2023-12-08T22:57:12
================================================================================
[2023-12-08T22:58:06.252+0000] {manager.py:887} INFO - 
================================================================================
DAG File Processing Stats

File Path                                      PID    Runtime      # DAGs    # Errors  Last Runtime    Last Run
---------------------------------------------  -----  ---------  --------  ----------  --------------  -------------------
/opt/airflow/dags/data_processing_cleaning.py                           1           0  0.52s           2023-12-08T22:57:43
================================================================================
[2023-12-08T22:58:36.368+0000] {manager.py:887} INFO - 
================================================================================
DAG File Processing Stats

File Path                                      PID    Runtime      # DAGs    # Errors  Last Runtime    Last Run
---------------------------------------------  -----  ---------  --------  ----------  --------------  -------------------
/opt/airflow/dags/data_processing_cleaning.py                           1           0  0.53s           2023-12-08T22:58:13
================================================================================
[2023-12-08T22:59:06.469+0000] {manager.py:887} INFO - 
================================================================================
DAG File Processing Stats

File Path                                      PID    Runtime      # DAGs    # Errors  Last Runtime    Last Run
---------------------------------------------  -----  ---------  --------  ----------  --------------  -------------------
/opt/airflow/dags/data_processing_cleaning.py                           1           0  0.52s           2023-12-08T22:58:44
================================================================================
[2023-12-08T22:59:36.588+0000] {manager.py:887} INFO - 
================================================================================
DAG File Processing Stats

File Path                                      PID    Runtime      # DAGs    # Errors  Last Runtime    Last Run
---------------------------------------------  -----  ---------  --------  ----------  --------------  -------------------
/opt/airflow/dags/data_processing_cleaning.py                           1           0  0.54s           2023-12-08T22:59:15
================================================================================
[2023-12-08T23:00:06.699+0000] {manager.py:887} INFO - 
================================================================================
DAG File Processing Stats

File Path                                      PID    Runtime      # DAGs    # Errors  Last Runtime    Last Run
---------------------------------------------  -----  ---------  --------  ----------  --------------  -------------------
/opt/airflow/dags/data_processing_cleaning.py                           1           0  0.50s           2023-12-08T22:59:45
================================================================================
[2023-12-08T23:00:32.293+0000] {manager.py:755} INFO - Searching for files in /opt/airflow/dags
[2023-12-08T23:00:32.295+0000] {manager.py:758} INFO - There are 1 files in /opt/airflow/dags
[2023-12-08T23:00:36.818+0000] {manager.py:887} INFO - 
================================================================================
DAG File Processing Stats

File Path                                      PID    Runtime      # DAGs    # Errors  Last Runtime    Last Run
---------------------------------------------  -----  ---------  --------  ----------  --------------  -------------------
/opt/airflow/dags/data_processing_cleaning.py                           1           0  0.50s           2023-12-08T23:00:16
================================================================================
[2023-12-08T23:01:06.923+0000] {manager.py:887} INFO - 
================================================================================
DAG File Processing Stats

File Path                                      PID    Runtime      # DAGs    # Errors  Last Runtime    Last Run
---------------------------------------------  -----  ---------  --------  ----------  --------------  -------------------
/opt/airflow/dags/data_processing_cleaning.py                           1           0  0.50s           2023-12-08T23:00:46
================================================================================
[2023-12-08T23:01:37.042+0000] {manager.py:887} INFO - 
================================================================================
DAG File Processing Stats

File Path                                      PID    Runtime      # DAGs    # Errors  Last Runtime    Last Run
---------------------------------------------  -----  ---------  --------  ----------  --------------  -------------------
/opt/airflow/dags/data_processing_cleaning.py                           1           0  0.57s           2023-12-08T23:01:17
================================================================================
[2023-12-08T23:02:07.148+0000] {manager.py:887} INFO - 
================================================================================
DAG File Processing Stats

File Path                                      PID    Runtime      # DAGs    # Errors  Last Runtime    Last Run
---------------------------------------------  -----  ---------  --------  ----------  --------------  -------------------
/opt/airflow/dags/data_processing_cleaning.py                           1           0  0.52s           2023-12-08T23:01:48
================================================================================
[2023-12-08T23:02:37.303+0000] {manager.py:887} INFO - 
================================================================================
DAG File Processing Stats

File Path                                      PID    Runtime      # DAGs    # Errors  Last Runtime    Last Run
---------------------------------------------  -----  ---------  --------  ----------  --------------  -------------------
/opt/airflow/dags/data_processing_cleaning.py                           1           0  0.50s           2023-12-08T23:02:18
================================================================================
[2023-12-08T23:03:07.360+0000] {manager.py:887} INFO - 
================================================================================
DAG File Processing Stats

File Path                                      PID    Runtime      # DAGs    # Errors  Last Runtime    Last Run
---------------------------------------------  -----  ---------  --------  ----------  --------------  -------------------
/opt/airflow/dags/data_processing_cleaning.py                           1           0  0.51s           2023-12-08T23:02:49
================================================================================
[2023-12-08T23:03:37.961+0000] {manager.py:887} INFO - 
================================================================================
DAG File Processing Stats

File Path                                      PID    Runtime      # DAGs    # Errors  Last Runtime    Last Run
---------------------------------------------  -----  ---------  --------  ----------  --------------  -------------------
/opt/airflow/dags/data_processing_cleaning.py                           1           0  0.52s           2023-12-08T23:03:19
================================================================================
[2023-12-08T23:04:08.077+0000] {manager.py:887} INFO - 
================================================================================
DAG File Processing Stats

File Path                                      PID    Runtime      # DAGs    # Errors  Last Runtime    Last Run
---------------------------------------------  -----  ---------  --------  ----------  --------------  -------------------
/opt/airflow/dags/data_processing_cleaning.py                           1           0  0.51s           2023-12-08T23:03:50
================================================================================
[2023-12-08T23:04:38.189+0000] {manager.py:887} INFO - 
================================================================================
DAG File Processing Stats

File Path                                      PID    Runtime      # DAGs    # Errors  Last Runtime    Last Run
---------------------------------------------  -----  ---------  --------  ----------  --------------  -------------------
/opt/airflow/dags/data_processing_cleaning.py                           1           0  0.51s           2023-12-08T23:04:21
================================================================================
[2023-12-08T23:05:08.308+0000] {manager.py:887} INFO - 
================================================================================
DAG File Processing Stats

File Path                                      PID    Runtime      # DAGs    # Errors  Last Runtime    Last Run
---------------------------------------------  -----  ---------  --------  ----------  --------------  -------------------
/opt/airflow/dags/data_processing_cleaning.py                           1           0  0.50s           2023-12-08T23:04:51
================================================================================
[2023-12-08T23:05:32.375+0000] {manager.py:755} INFO - Searching for files in /opt/airflow/dags
[2023-12-08T23:05:32.378+0000] {manager.py:758} INFO - There are 1 files in /opt/airflow/dags
[2023-12-08T23:05:38.407+0000] {manager.py:887} INFO - 
================================================================================
DAG File Processing Stats

File Path                                      PID    Runtime      # DAGs    # Errors  Last Runtime    Last Run
---------------------------------------------  -----  ---------  --------  ----------  --------------  -------------------
/opt/airflow/dags/data_processing_cleaning.py                           1           0  0.50s           2023-12-08T23:05:22
================================================================================
[2023-12-08T23:06:09.013+0000] {manager.py:887} INFO - 
================================================================================
DAG File Processing Stats

File Path                                      PID    Runtime      # DAGs    # Errors  Last Runtime    Last Run
---------------------------------------------  -----  ---------  --------  ----------  --------------  -------------------
/opt/airflow/dags/data_processing_cleaning.py                           1           0  0.50s           2023-12-08T23:05:52
================================================================================
[2023-12-08T23:06:39.229+0000] {manager.py:887} INFO - 
================================================================================
DAG File Processing Stats

File Path                                      PID    Runtime      # DAGs    # Errors  Last Runtime    Last Run
---------------------------------------------  -----  ---------  --------  ----------  --------------  -------------------
/opt/airflow/dags/data_processing_cleaning.py                           1           0  0.50s           2023-12-08T23:06:35
================================================================================
[2023-12-08T23:07:09.347+0000] {manager.py:887} INFO - 
================================================================================
DAG File Processing Stats

File Path                                      PID    Runtime      # DAGs    # Errors  Last Runtime    Last Run
---------------------------------------------  -----  ---------  --------  ----------  --------------  -------------------
/opt/airflow/dags/data_processing_cleaning.py                           1           0  0.51s           2023-12-08T23:06:47
================================================================================
[2023-12-08T23:07:39.512+0000] {manager.py:887} INFO - 
================================================================================
DAG File Processing Stats

File Path                                      PID    Runtime      # DAGs    # Errors  Last Runtime    Last Run
---------------------------------------------  -----  ---------  --------  ----------  --------------  -------------------
/opt/airflow/dags/data_processing_cleaning.py                           1           0  0.50s           2023-12-08T23:07:39
================================================================================
[2023-12-08T23:08:09.660+0000] {manager.py:887} INFO - 
================================================================================
DAG File Processing Stats

File Path                                        PID  Runtime      # DAGs    # Errors  Last Runtime    Last Run
---------------------------------------------  -----  ---------  --------  ----------  --------------  -------------------
/opt/airflow/dags/data_processing_cleaning.py   1469  0.00s             1           0  0.52s           2023-12-08T23:08:02
================================================================================
[2023-12-08T23:08:39.701+0000] {manager.py:887} INFO - 
================================================================================
DAG File Processing Stats

File Path                                      PID    Runtime      # DAGs    # Errors  Last Runtime    Last Run
---------------------------------------------  -----  ---------  --------  ----------  --------------  -------------------
/opt/airflow/dags/data_processing_cleaning.py                           0           1  0.45s           2023-12-08T23:08:19
================================================================================
[2023-12-08T23:09:09.806+0000] {manager.py:887} INFO - 
================================================================================
DAG File Processing Stats

File Path                                      PID    Runtime      # DAGs    # Errors  Last Runtime    Last Run
---------------------------------------------  -----  ---------  --------  ----------  --------------  -------------------
/opt/airflow/dags/data_processing_cleaning.py                           0           1  0.48s           2023-12-08T23:08:50
================================================================================
[2023-12-08T23:09:40.324+0000] {manager.py:887} INFO - 
================================================================================
DAG File Processing Stats

File Path                                      PID    Runtime      # DAGs    # Errors  Last Runtime    Last Run
---------------------------------------------  -----  ---------  --------  ----------  --------------  -------------------
/opt/airflow/dags/data_processing_cleaning.py                           0           1  0.47s           2023-12-08T23:09:27
================================================================================
[2023-12-08T23:10:10.440+0000] {manager.py:887} INFO - 
================================================================================
DAG File Processing Stats

File Path                                      PID    Runtime      # DAGs    # Errors  Last Runtime    Last Run
---------------------------------------------  -----  ---------  --------  ----------  --------------  -------------------
/opt/airflow/dags/data_processing_cleaning.py                           0           1  0.45s           2023-12-08T23:09:57
================================================================================
[2023-12-08T23:10:33.298+0000] {manager.py:755} INFO - Searching for files in /opt/airflow/dags
[2023-12-08T23:10:33.300+0000] {manager.py:758} INFO - There are 1 files in /opt/airflow/dags
[2023-12-08T23:10:40.809+0000] {manager.py:887} INFO - 
================================================================================
DAG File Processing Stats

File Path                                      PID    Runtime      # DAGs    # Errors  Last Runtime    Last Run
---------------------------------------------  -----  ---------  --------  ----------  --------------  -------------------
/opt/airflow/dags/data_processing_cleaning.py                           0           1  0.47s           2023-12-08T23:10:39
================================================================================
[2023-12-08T23:11:11.296+0000] {manager.py:887} INFO - 
================================================================================
DAG File Processing Stats

File Path                                      PID    Runtime      # DAGs    # Errors  Last Runtime    Last Run
---------------------------------------------  -----  ---------  --------  ----------  --------------  -------------------
/opt/airflow/dags/data_processing_cleaning.py                           0           1  0.47s           2023-12-08T23:11:03
================================================================================
[2023-12-08T23:11:41.409+0000] {manager.py:887} INFO - 
================================================================================
DAG File Processing Stats

File Path                                      PID    Runtime      # DAGs    # Errors  Last Runtime    Last Run
---------------------------------------------  -----  ---------  --------  ----------  --------------  -------------------
/opt/airflow/dags/data_processing_cleaning.py                           0           1  0.46s           2023-12-08T23:11:12
================================================================================
[2023-12-08T23:12:11.438+0000] {manager.py:887} INFO - 
================================================================================
DAG File Processing Stats

File Path                                      PID    Runtime      # DAGs    # Errors  Last Runtime    Last Run
---------------------------------------------  -----  ---------  --------  ----------  --------------  -------------------
/opt/airflow/dags/data_processing_cleaning.py                           0           1  0.47s           2023-12-08T23:11:43
================================================================================
[2023-12-08T23:12:41.554+0000] {manager.py:887} INFO - 
================================================================================
DAG File Processing Stats

File Path                                      PID    Runtime      # DAGs    # Errors  Last Runtime    Last Run
---------------------------------------------  -----  ---------  --------  ----------  --------------  -------------------
/opt/airflow/dags/data_processing_cleaning.py                           0           1  0.48s           2023-12-08T23:12:16
================================================================================
[2023-12-08T23:12:48.864+0000] {manager.py:469} INFO - Exiting gracefully upon receiving signal 15
[2023-12-08T23:13:34.624+0000] {manager.py:487} INFO - Processing files using up to 2 processes at a time 
[2023-12-08T23:13:34.626+0000] {manager.py:488} INFO - Process each file at most once every 30 seconds
[2023-12-08T23:13:34.626+0000] {manager.py:489} INFO - Checking for new files in /opt/airflow/dags every 300 seconds
[2023-12-08T23:13:34.627+0000] {manager.py:755} INFO - Searching for files in /opt/airflow/dags
[2023-12-08T23:13:34.629+0000] {manager.py:758} INFO - There are 1 files in /opt/airflow/dags
[2023-12-08T23:13:34.753+0000] {manager.py:887} INFO - 
================================================================================
DAG File Processing Stats

File Path                                        PID  Runtime      # DAGs    # Errors  Last Runtime    Last Run
---------------------------------------------  -----  ---------  --------  ----------  --------------  ----------
/opt/airflow/dags/data_processing_cleaning.py    180  0.04s             0           0
================================================================================
